<?xml version="1.0" encoding="UTF-8"?>
<testng-results ignored="0" total="23" passed="21" failed="2" skipped="0">
  <reporter-output>
  </reporter-output>
  <suite started-at="2023-03-30T07:20:44 EDT" name="FreeCRMtestcases" finished-at="2023-03-30T07:27:44 EDT" duration-ms="420193">
    <groups>
    </groups>
    <test started-at="2023-03-30T07:20:44 EDT" name="FreeCRMtestcases" finished-at="2023-03-30T07:27:44 EDT" duration-ms="420193">
      <class name="com.crm.qa.testcases.ContactPageTest">
        <test-method is-config="true" signature="setup()[pri:0, instance:com.crm.qa.testcases.ContactPageTest@45099dd3]" started-at="2023-03-30T07:22:04 EDT" name="setup" finished-at="2023-03-30T07:22:20 EDT" duration-ms="16403" status="PASS">
          <reporter-output>
          </reporter-output>
        </test-method> <!-- setup -->
        <test-method signature="verifyingContactPageTest()[pri:1, instance:com.crm.qa.testcases.ContactPageTest@45099dd3]" started-at="2023-03-30T07:22:20 EDT" name="verifyingContactPageTest" finished-at="2023-03-30T07:22:20 EDT" duration-ms="30" status="PASS">
          <reporter-output>
          </reporter-output>
        </test-method> <!-- verifyingContactPageTest -->
        <test-method is-config="true" signature="tearDown()[pri:0, instance:com.crm.qa.testcases.ContactPageTest@45099dd3]" started-at="2023-03-30T07:22:20 EDT" name="tearDown" finished-at="2023-03-30T07:22:22 EDT" duration-ms="1105" status="PASS">
          <reporter-output>
          </reporter-output>
        </test-method> <!-- tearDown -->
        <test-method is-config="true" signature="setup()[pri:0, instance:com.crm.qa.testcases.ContactPageTest@45099dd3]" started-at="2023-03-30T07:22:22 EDT" name="setup" finished-at="2023-03-30T07:22:38 EDT" duration-ms="16390" status="PASS">
          <reporter-output>
          </reporter-output>
        </test-method> <!-- setup -->
        <test-method signature="selectcontactsByName()[pri:2, instance:com.crm.qa.testcases.ContactPageTest@45099dd3]" started-at="2023-03-30T07:22:38 EDT" name="selectcontactsByName" finished-at="2023-03-30T07:22:38 EDT" duration-ms="234" status="PASS">
          <reporter-output>
          </reporter-output>
        </test-method> <!-- selectcontactsByName -->
        <test-method is-config="true" signature="tearDown()[pri:0, instance:com.crm.qa.testcases.ContactPageTest@45099dd3]" started-at="2023-03-30T07:22:38 EDT" name="tearDown" finished-at="2023-03-30T07:22:39 EDT" duration-ms="1132" status="PASS">
          <reporter-output>
          </reporter-output>
        </test-method> <!-- tearDown -->
        <test-method is-config="true" signature="setup()[pri:0, instance:com.crm.qa.testcases.ContactPageTest@45099dd3]" started-at="2023-03-30T07:22:39 EDT" name="setup" finished-at="2023-03-30T07:22:56 EDT" duration-ms="16725" status="PASS">
          <reporter-output>
          </reporter-output>
        </test-method> <!-- setup -->
        <test-method signature="selectMultiplecontactsByName()[pri:3, instance:com.crm.qa.testcases.ContactPageTest@45099dd3]" started-at="2023-03-30T07:22:56 EDT" name="selectMultiplecontactsByName" finished-at="2023-03-30T07:22:57 EDT" duration-ms="478" status="PASS">
          <reporter-output>
          </reporter-output>
        </test-method> <!-- selectMultiplecontactsByName -->
        <test-method is-config="true" signature="tearDown()[pri:0, instance:com.crm.qa.testcases.ContactPageTest@45099dd3]" started-at="2023-03-30T07:22:57 EDT" name="tearDown" finished-at="2023-03-30T07:22:58 EDT" duration-ms="1060" status="PASS">
          <reporter-output>
          </reporter-output>
        </test-method> <!-- tearDown -->
        <test-method is-config="true" signature="setup()[pri:0, instance:com.crm.qa.testcases.ContactPageTest@45099dd3]" started-at="2023-03-30T07:23:00 EDT" name="setup" finished-at="2023-03-30T07:23:16 EDT" duration-ms="16417" status="PASS">
          <reporter-output>
          </reporter-output>
        </test-method> <!-- setup -->
        <test-method signature="validateCreateNewContact(java.lang.String,java.lang.String,java.lang.String,java.lang.String)[pri:4, instance:com.crm.qa.testcases.ContactPageTest@45099dd3]" started-at="2023-03-30T07:23:16 EDT" name="validateCreateNewContact" data-provider="getCRMTestData" finished-at="2023-03-30T07:23:20 EDT" duration-ms="4321" status="PASS">
          <params>
            <param index="0">
              <value>
                <![CDATA[Mr.]]>
              </value>
            </param>
            <param index="1">
              <value>
                <![CDATA[Tom]]>
              </value>
            </param>
            <param index="2">
              <value>
                <![CDATA[Peter]]>
              </value>
            </param>
            <param index="3">
              <value>
                <![CDATA[Google]]>
              </value>
            </param>
          </params>
          <reporter-output>
          </reporter-output>
        </test-method> <!-- validateCreateNewContact -->
        <test-method is-config="true" signature="tearDown()[pri:0, instance:com.crm.qa.testcases.ContactPageTest@45099dd3]" started-at="2023-03-30T07:23:20 EDT" name="tearDown" finished-at="2023-03-30T07:23:21 EDT" duration-ms="1105" status="PASS">
          <reporter-output>
          </reporter-output>
        </test-method> <!-- tearDown -->
        <test-method is-config="true" signature="setup()[pri:0, instance:com.crm.qa.testcases.ContactPageTest@45099dd3]" started-at="2023-03-30T07:23:21 EDT" name="setup" finished-at="2023-03-30T07:23:38 EDT" duration-ms="16545" status="PASS">
          <reporter-output>
          </reporter-output>
        </test-method> <!-- setup -->
        <test-method signature="validateCreateNewContact(java.lang.String,java.lang.String,java.lang.String,java.lang.String)[pri:4, instance:com.crm.qa.testcases.ContactPageTest@45099dd3]" started-at="2023-03-30T07:23:38 EDT" name="validateCreateNewContact" data-provider="getCRMTestData" finished-at="2023-03-30T07:23:42 EDT" duration-ms="3879" status="PASS">
          <params>
            <param index="0">
              <value>
                <![CDATA[Dr.]]>
              </value>
            </param>
            <param index="1">
              <value>
                <![CDATA[Oboma]]>
              </value>
            </param>
            <param index="2">
              <value>
                <![CDATA[Cris]]>
              </value>
            </param>
            <param index="3">
              <value>
                <![CDATA[Siemens]]>
              </value>
            </param>
          </params>
          <reporter-output>
          </reporter-output>
        </test-method> <!-- validateCreateNewContact -->
        <test-method is-config="true" signature="tearDown()[pri:0, instance:com.crm.qa.testcases.ContactPageTest@45099dd3]" started-at="2023-03-30T07:23:42 EDT" name="tearDown" finished-at="2023-03-30T07:23:43 EDT" duration-ms="1012" status="PASS">
          <reporter-output>
          </reporter-output>
        </test-method> <!-- tearDown -->
        <test-method is-config="true" signature="setup()[pri:0, instance:com.crm.qa.testcases.ContactPageTest@45099dd3]" started-at="2023-03-30T07:23:43 EDT" name="setup" finished-at="2023-03-30T07:23:59 EDT" duration-ms="16284" status="PASS">
          <reporter-output>
          </reporter-output>
        </test-method> <!-- setup -->
        <test-method signature="validateCreateNewContact(java.lang.String,java.lang.String,java.lang.String,java.lang.String)[pri:4, instance:com.crm.qa.testcases.ContactPageTest@45099dd3]" started-at="2023-03-30T07:23:59 EDT" name="validateCreateNewContact" data-provider="getCRMTestData" finished-at="2023-03-30T07:24:03 EDT" duration-ms="4026" status="PASS">
          <params>
            <param index="0">
              <value>
                <![CDATA[Mrs.]]>
              </value>
            </param>
            <param index="1">
              <value>
                <![CDATA[Krish]]>
              </value>
            </param>
            <param index="2">
              <value>
                <![CDATA[Sharma]]>
              </value>
            </param>
            <param index="3">
              <value>
                <![CDATA[L&T]]>
              </value>
            </param>
          </params>
          <reporter-output>
          </reporter-output>
        </test-method> <!-- validateCreateNewContact -->
        <test-method is-config="true" signature="tearDown()[pri:0, instance:com.crm.qa.testcases.ContactPageTest@45099dd3]" started-at="2023-03-30T07:24:03 EDT" name="tearDown" finished-at="2023-03-30T07:24:04 EDT" duration-ms="947" status="PASS">
          <reporter-output>
          </reporter-output>
        </test-method> <!-- tearDown -->
        <test-method is-config="true" signature="setup()[pri:0, instance:com.crm.qa.testcases.ContactPageTest@45099dd3]" started-at="2023-03-30T07:24:04 EDT" name="setup" finished-at="2023-03-30T07:24:20 EDT" duration-ms="16241" status="PASS">
          <reporter-output>
          </reporter-output>
        </test-method> <!-- setup -->
        <test-method signature="validateCreateNewContact(java.lang.String,java.lang.String,java.lang.String,java.lang.String)[pri:4, instance:com.crm.qa.testcases.ContactPageTest@45099dd3]" started-at="2023-03-30T07:24:20 EDT" name="validateCreateNewContact" data-provider="getCRMTestData" finished-at="2023-03-30T07:24:24 EDT" duration-ms="3850" status="PASS">
          <params>
            <param index="0">
              <value>
                <![CDATA[Mr.]]>
              </value>
            </param>
            <param index="1">
              <value>
                <![CDATA[Trump ]]>
              </value>
            </param>
            <param index="2">
              <value>
                <![CDATA[Keswariya]]>
              </value>
            </param>
            <param index="3">
              <value>
                <![CDATA[Tower]]>
              </value>
            </param>
          </params>
          <reporter-output>
          </reporter-output>
        </test-method> <!-- validateCreateNewContact -->
        <test-method is-config="true" signature="tearDown()[pri:0, instance:com.crm.qa.testcases.ContactPageTest@45099dd3]" started-at="2023-03-30T07:24:24 EDT" name="tearDown" finished-at="2023-03-30T07:24:25 EDT" duration-ms="1100" status="PASS">
          <reporter-output>
          </reporter-output>
        </test-method> <!-- tearDown -->
      </class> <!-- com.crm.qa.testcases.ContactPageTest -->
      <class name="com.crm.qa.testcases.HomePageTest">
        <test-method is-config="true" signature="setup()[pri:0, instance:com.crm.qa.testcases.HomePageTest@41a0aa7d]" started-at="2023-03-30T07:21:14 EDT" name="setup" finished-at="2023-03-30T07:21:29 EDT" duration-ms="14994" status="PASS">
          <reporter-output>
          </reporter-output>
        </test-method> <!-- setup -->
        <test-method signature="verifyingHomePageTitleTest()[pri:1, instance:com.crm.qa.testcases.HomePageTest@41a0aa7d]" started-at="2023-03-30T07:21:29 EDT" name="verifyingHomePageTitleTest" finished-at="2023-03-30T07:21:29 EDT" duration-ms="9" status="PASS">
          <reporter-output>
          </reporter-output>
        </test-method> <!-- verifyingHomePageTitleTest -->
        <test-method is-config="true" signature="tearDown()[pri:0, instance:com.crm.qa.testcases.HomePageTest@41a0aa7d]" started-at="2023-03-30T07:21:29 EDT" name="tearDown" finished-at="2023-03-30T07:21:30 EDT" duration-ms="1069" status="PASS">
          <reporter-output>
          </reporter-output>
        </test-method> <!-- tearDown -->
        <test-method is-config="true" signature="setup()[pri:0, instance:com.crm.qa.testcases.HomePageTest@41a0aa7d]" started-at="2023-03-30T07:21:30 EDT" name="setup" finished-at="2023-03-30T07:21:46 EDT" duration-ms="15449" status="PASS">
          <reporter-output>
          </reporter-output>
        </test-method> <!-- setup -->
        <test-method signature="verifyingHomePageUsername()[pri:2, instance:com.crm.qa.testcases.HomePageTest@41a0aa7d]" started-at="2023-03-30T07:21:46 EDT" name="verifyingHomePageUsername" finished-at="2023-03-30T07:21:46 EDT" duration-ms="82" status="PASS">
          <reporter-output>
          </reporter-output>
        </test-method> <!-- verifyingHomePageUsername -->
        <test-method is-config="true" signature="tearDown()[pri:0, instance:com.crm.qa.testcases.HomePageTest@41a0aa7d]" started-at="2023-03-30T07:21:46 EDT" name="tearDown" finished-at="2023-03-30T07:21:47 EDT" duration-ms="956" status="PASS">
          <reporter-output>
          </reporter-output>
        </test-method> <!-- tearDown -->
        <test-method is-config="true" signature="setup()[pri:0, instance:com.crm.qa.testcases.HomePageTest@41a0aa7d]" started-at="2023-03-30T07:21:47 EDT" name="setup" finished-at="2023-03-30T07:22:02 EDT" duration-ms="14974" status="PASS">
          <reporter-output>
          </reporter-output>
        </test-method> <!-- setup -->
        <test-method signature="verifyContactsLinkTest()[pri:3, instance:com.crm.qa.testcases.HomePageTest@41a0aa7d]" started-at="2023-03-30T07:22:02 EDT" name="verifyContactsLinkTest" finished-at="2023-03-30T07:22:03 EDT" duration-ms="1496" status="PASS">
          <reporter-output>
          </reporter-output>
        </test-method> <!-- verifyContactsLinkTest -->
        <test-method is-config="true" signature="tearDown()[pri:0, instance:com.crm.qa.testcases.HomePageTest@41a0aa7d]" started-at="2023-03-30T07:22:03 EDT" name="tearDown" finished-at="2023-03-30T07:22:04 EDT" duration-ms="924" status="PASS">
          <reporter-output>
          </reporter-output>
        </test-method> <!-- tearDown -->
      </class> <!-- com.crm.qa.testcases.HomePageTest -->
      <class name="com.crm.qa.testcases.LoginPageTest">
        <test-method is-config="true" signature="setup()[pri:0, instance:com.crm.qa.testcases.LoginPageTest@61001b64]" started-at="2023-03-30T07:20:44 EDT" name="setup" finished-at="2023-03-30T07:20:51 EDT" duration-ms="6756" status="PASS">
          <reporter-output>
          </reporter-output>
        </test-method> <!-- setup -->
        <test-method signature="loginPageTitleTest()[pri:1, instance:com.crm.qa.testcases.LoginPageTest@61001b64]" started-at="2023-03-30T07:20:51 EDT" name="loginPageTitleTest" finished-at="2023-03-30T07:20:51 EDT" duration-ms="9" status="PASS">
          <reporter-output>
          </reporter-output>
        </test-method> <!-- loginPageTitleTest -->
        <test-method is-config="true" signature="tearDown()[pri:0, instance:com.crm.qa.testcases.LoginPageTest@61001b64]" started-at="2023-03-30T07:20:51 EDT" name="tearDown" finished-at="2023-03-30T07:20:52 EDT" duration-ms="806" status="PASS">
          <reporter-output>
          </reporter-output>
        </test-method> <!-- tearDown -->
        <test-method is-config="true" signature="setup()[pri:0, instance:com.crm.qa.testcases.LoginPageTest@61001b64]" started-at="2023-03-30T07:20:52 EDT" name="setup" finished-at="2023-03-30T07:20:57 EDT" duration-ms="5699" status="PASS">
          <reporter-output>
          </reporter-output>
        </test-method> <!-- setup -->
        <test-method signature="crmlogoImageTest()[pri:2, instance:com.crm.qa.testcases.LoginPageTest@61001b64]" started-at="2023-03-30T07:20:57 EDT" name="crmlogoImageTest" finished-at="2023-03-30T07:20:57 EDT" duration-ms="36" status="PASS">
          <reporter-output>
          </reporter-output>
        </test-method> <!-- crmlogoImageTest -->
        <test-method is-config="true" signature="tearDown()[pri:0, instance:com.crm.qa.testcases.LoginPageTest@61001b64]" started-at="2023-03-30T07:20:57 EDT" name="tearDown" finished-at="2023-03-30T07:20:58 EDT" duration-ms="825" status="PASS">
          <reporter-output>
          </reporter-output>
        </test-method> <!-- tearDown -->
        <test-method is-config="true" signature="setup()[pri:0, instance:com.crm.qa.testcases.LoginPageTest@61001b64]" started-at="2023-03-30T07:20:58 EDT" name="setup" finished-at="2023-03-30T07:21:04 EDT" duration-ms="5600" status="PASS">
          <reporter-output>
          </reporter-output>
        </test-method> <!-- setup -->
        <test-method signature="Login()[pri:3, instance:com.crm.qa.testcases.LoginPageTest@61001b64]" started-at="2023-03-30T07:21:04 EDT" name="Login" finished-at="2023-03-30T07:21:13 EDT" duration-ms="9223" status="PASS">
          <reporter-output>
          </reporter-output>
        </test-method> <!-- Login -->
        <test-method is-config="true" signature="tearDown()[pri:0, instance:com.crm.qa.testcases.LoginPageTest@61001b64]" started-at="2023-03-30T07:21:13 EDT" name="tearDown" finished-at="2023-03-30T07:21:14 EDT" duration-ms="966" status="PASS">
          <reporter-output>
          </reporter-output>
        </test-method> <!-- tearDown -->
      </class> <!-- com.crm.qa.testcases.LoginPageTest -->
      <class name="com.crm.qa.testcases.DealsPageTest">
        <test-method is-config="true" signature="setup()[pri:0, instance:com.crm.qa.testcases.DealsPageTest@13e344d]" started-at="2023-03-30T07:24:25 EDT" name="setup" finished-at="2023-03-30T07:24:42 EDT" duration-ms="16333" status="PASS">
          <reporter-output>
          </reporter-output>
        </test-method> <!-- setup -->
        <test-method signature="verifyDealsTestPage()[pri:1, instance:com.crm.qa.testcases.DealsPageTest@13e344d]" started-at="2023-03-30T07:24:42 EDT" name="verifyDealsTestPage" finished-at="2023-03-30T07:24:42 EDT" duration-ms="27" status="PASS">
          <reporter-output>
          </reporter-output>
        </test-method> <!-- verifyDealsTestPage -->
        <test-method is-config="true" signature="tearDown()[pri:0, instance:com.crm.qa.testcases.DealsPageTest@13e344d]" started-at="2023-03-30T07:24:42 EDT" name="tearDown" finished-at="2023-03-30T07:24:43 EDT" duration-ms="1020" status="PASS">
          <reporter-output>
          </reporter-output>
        </test-method> <!-- tearDown -->
        <test-method is-config="true" signature="setup()[pri:0, instance:com.crm.qa.testcases.DealsPageTest@13e344d]" started-at="2023-03-30T07:24:43 EDT" name="setup" finished-at="2023-03-30T07:24:59 EDT" duration-ms="16431" status="PASS">
          <reporter-output>
          </reporter-output>
        </test-method> <!-- setup -->
        <test-method signature="addnewDealsTest(java.lang.String,java.lang.String,java.lang.String,java.lang.String)[pri:2, instance:com.crm.qa.testcases.DealsPageTest@13e344d]" started-at="2023-03-30T07:24:59 EDT" name="addnewDealsTest" data-provider="getCRMdata" finished-at="2023-03-30T07:24:59 EDT" duration-ms="158" status="FAIL">
          <params>
            <param index="0">
              <value>
                <![CDATA[DealDev]]>
              </value>
            </param>
            <param index="1">
              <value>
                <![CDATA[Siemens]]>
              </value>
            </param>
            <param index="2">
              <value>
                <![CDATA[25.0]]>
              </value>
            </param>
            <param index="3">
              <value>
                <![CDATA[New]]>
              </value>
            </param>
          </params>
          <exception class="org.openqa.selenium.ElementNotInteractableException">
            <message>
              <![CDATA[Element <a href="https://classic.freecrm.com/system/index.cfm?action=prospect&sub=load&edit=1"> could not be scrolled into view
Build info: version: '4.8.1', revision: '8ebccac989'
System info: os.name: 'Windows 10', os.arch: 'amd64', os.version: '10.0', java.version: '15.0.1'
Driver info: org.openqa.selenium.firefox.FirefoxDriver
Command: [40af1cec-5b11-40f1-b2eb-cd0e6cad86ee, clickElement {id=dd0cef21-d158-497c-9c7e-bbfd7a2665eb}]
Capabilities {acceptInsecureCerts: true, browserName: firefox, browserVersion: 111.0.1, moz:accessibilityChecks: false, moz:buildID: 20230321111920, moz:debuggerAddress: 127.0.0.1:25789, moz:geckodriverVersion: 0.32.2, moz:headless: false, moz:platformVersion: 10.0, moz:processID: 20456, moz:profile: C:\Users\ashah\AppData\Loca..., moz:shutdownTimeout: 60000, moz:useNonSpecCompliantPointerOrigin: false, moz:webdriverClick: true, moz:windowless: false, pageLoadStrategy: normal, platformName: WINDOWS, proxy: Proxy(), se:cdp: ws://127.0.0.1:25789/devtoo..., se:cdpVersion: 85.0, setWindowRect: true, strictFileInteractability: false, timeouts: {implicit: 0, pageLoad: 300000, script: 30000}, unhandledPromptBehavior: dismiss and notify}
Element: [[FirefoxDriver: firefox on WINDOWS (40af1cec-5b11-40f1-b2eb-cd0e6cad86ee)] -> xpath: //a[contains(text(),'New Deal')]]
Session ID: 40af1cec-5b11-40f1-b2eb-cd0e6cad86ee]]>
            </message>
            <full-stacktrace>
              <![CDATA[org.openqa.selenium.ElementNotInteractableException: Element <a href="https://classic.freecrm.com/system/index.cfm?action=prospect&sub=load&edit=1"> could not be scrolled into view
Build info: version: '4.8.1', revision: '8ebccac989'
System info: os.name: 'Windows 10', os.arch: 'amd64', os.version: '10.0', java.version: '15.0.1'
Driver info: org.openqa.selenium.firefox.FirefoxDriver
Command: [40af1cec-5b11-40f1-b2eb-cd0e6cad86ee, clickElement {id=dd0cef21-d158-497c-9c7e-bbfd7a2665eb}]
Capabilities {acceptInsecureCerts: true, browserName: firefox, browserVersion: 111.0.1, moz:accessibilityChecks: false, moz:buildID: 20230321111920, moz:debuggerAddress: 127.0.0.1:25789, moz:geckodriverVersion: 0.32.2, moz:headless: false, moz:platformVersion: 10.0, moz:processID: 20456, moz:profile: C:\Users\ashah\AppData\Loca..., moz:shutdownTimeout: 60000, moz:useNonSpecCompliantPointerOrigin: false, moz:webdriverClick: true, moz:windowless: false, pageLoadStrategy: normal, platformName: WINDOWS, proxy: Proxy(), se:cdp: ws://127.0.0.1:25789/devtoo..., se:cdpVersion: 85.0, setWindowRect: true, strictFileInteractability: false, timeouts: {implicit: 0, pageLoad: 300000, script: 30000}, unhandledPromptBehavior: dismiss and notify}
Element: [[FirefoxDriver: firefox on WINDOWS (40af1cec-5b11-40f1-b2eb-cd0e6cad86ee)] -> xpath: //a[contains(text(),'New Deal')]]
Session ID: 40af1cec-5b11-40f1-b2eb-cd0e6cad86ee
at java.base/jdk.internal.reflect.NativeConstructorAccessorImpl.newInstance0(Native Method)
at java.base/jdk.internal.reflect.NativeConstructorAccessorImpl.newInstance(NativeConstructorAccessorImpl.java:64)
at java.base/jdk.internal.reflect.DelegatingConstructorAccessorImpl.newInstance(DelegatingConstructorAccessorImpl.java:45)
at java.base/java.lang.reflect.Constructor.newInstanceWithCaller(Constructor.java:500)
at java.base/java.lang.reflect.Constructor.newInstance(Constructor.java:481)
at org.openqa.selenium.remote.codec.w3c.W3CHttpResponseCodec.createException(W3CHttpResponseCodec.java:200)
at org.openqa.selenium.remote.codec.w3c.W3CHttpResponseCodec.decode(W3CHttpResponseCodec.java:133)
at org.openqa.selenium.remote.codec.w3c.W3CHttpResponseCodec.decode(W3CHttpResponseCodec.java:53)
at org.openqa.selenium.remote.HttpCommandExecutor.execute(HttpCommandExecutor.java:184)
at org.openqa.selenium.remote.service.DriverCommandExecutor.invokeExecute(DriverCommandExecutor.java:167)
at org.openqa.selenium.remote.service.DriverCommandExecutor.execute(DriverCommandExecutor.java:142)
at org.openqa.selenium.remote.RemoteWebDriver.execute(RemoteWebDriver.java:543)
at org.openqa.selenium.remote.RemoteWebElement.execute(RemoteWebElement.java:257)
at org.openqa.selenium.remote.RemoteWebElement.click(RemoteWebElement.java:78)
at jdk.internal.reflect.GeneratedMethodAccessor6.invoke(Unknown Source)
at java.base/jdk.internal.reflect.DelegatingMethodAccessorImpl.invoke(DelegatingMethodAccessorImpl.java:43)
at java.base/java.lang.reflect.Method.invoke(Method.java:564)
at org.openqa.selenium.support.events.EventFiringWebDriver$EventFiringWebElement.lambda$new$0(EventFiringWebDriver.java:378)
at com.sun.proxy.$Proxy23.click(Unknown Source)
at org.openqa.selenium.support.events.EventFiringWebDriver$EventFiringWebElement.click(EventFiringWebDriver.java:391)
at jdk.internal.reflect.GeneratedMethodAccessor6.invoke(Unknown Source)
at java.base/jdk.internal.reflect.DelegatingMethodAccessorImpl.invoke(DelegatingMethodAccessorImpl.java:43)
at java.base/java.lang.reflect.Method.invoke(Method.java:564)
at org.openqa.selenium.support.pagefactory.internal.LocatingElementHandler.invoke(LocatingElementHandler.java:52)
at com.sun.proxy.$Proxy22.click(Unknown Source)
at com.crm.qa.pages.HomePage.clickonNewDealLink(HomePage.java:72)
at com.crm.qa.testcases.DealsPageTest.addnewDealsTest(DealsPageTest.java:56)
at java.base/jdk.internal.reflect.NativeMethodAccessorImpl.invoke0(Native Method)
at java.base/jdk.internal.reflect.NativeMethodAccessorImpl.invoke(NativeMethodAccessorImpl.java:64)
at java.base/jdk.internal.reflect.DelegatingMethodAccessorImpl.invoke(DelegatingMethodAccessorImpl.java:43)
at java.base/java.lang.reflect.Method.invoke(Method.java:564)
at org.testng.internal.MethodInvocationHelper.invokeMethod(MethodInvocationHelper.java:133)
at org.testng.internal.TestInvoker.invokeMethod(TestInvoker.java:598)
at org.testng.internal.TestInvoker.invokeTestMethod(TestInvoker.java:173)
at org.testng.internal.MethodRunner.runInSequence(MethodRunner.java:46)
at org.testng.internal.TestInvoker$MethodInvocationAgent.invoke(TestInvoker.java:824)
at org.testng.internal.TestInvoker.invokeTestMethods(TestInvoker.java:146)
at org.testng.internal.TestMethodWorker.invokeTestMethods(TestMethodWorker.java:146)
at org.testng.internal.TestMethodWorker.run(TestMethodWorker.java:128)
at java.base/java.util.ArrayList.forEach(ArrayList.java:1511)
at org.testng.TestRunner.privateRun(TestRunner.java:794)
at org.testng.TestRunner.run(TestRunner.java:596)
at org.testng.SuiteRunner.runTest(SuiteRunner.java:377)
at org.testng.SuiteRunner.runSequentially(SuiteRunner.java:371)
at org.testng.SuiteRunner.privateRun(SuiteRunner.java:332)
at org.testng.SuiteRunner.run(SuiteRunner.java:276)
at org.testng.SuiteRunnerWorker.runSuite(SuiteRunnerWorker.java:53)
at org.testng.SuiteRunnerWorker.run(SuiteRunnerWorker.java:96)
at org.testng.TestNG.runSuitesSequentially(TestNG.java:1212)
at org.testng.TestNG.runSuitesLocally(TestNG.java:1134)
at org.testng.TestNG.runSuites(TestNG.java:1063)
at org.testng.TestNG.run(TestNG.java:1031)
at org.testng.remote.AbstractRemoteTestNG.run(AbstractRemoteTestNG.java:115)
at org.testng.remote.RemoteTestNG.initAndRun(RemoteTestNG.java:251)
at org.testng.remote.RemoteTestNG.main(RemoteTestNG.java:77)
]]>
            </full-stacktrace>
          </exception> <!-- org.openqa.selenium.ElementNotInteractableException -->
          <reporter-output>
          </reporter-output>
        </test-method> <!-- addnewDealsTest -->
        <test-method is-config="true" signature="tearDown()[pri:0, instance:com.crm.qa.testcases.DealsPageTest@13e344d]" started-at="2023-03-30T07:24:59 EDT" name="tearDown" finished-at="2023-03-30T07:25:00 EDT" duration-ms="1040" status="PASS">
          <reporter-output>
          </reporter-output>
        </test-method> <!-- tearDown -->
        <test-method is-config="true" signature="setup()[pri:0, instance:com.crm.qa.testcases.DealsPageTest@13e344d]" started-at="2023-03-30T07:25:00 EDT" name="setup" finished-at="2023-03-30T07:25:17 EDT" duration-ms="16233" status="PASS">
          <reporter-output>
          </reporter-output>
        </test-method> <!-- setup -->
        <test-method signature="addnewDealsTest(java.lang.String,java.lang.String,java.lang.String,java.lang.String)[pri:2, instance:com.crm.qa.testcases.DealsPageTest@13e344d]" started-at="2023-03-30T07:25:17 EDT" name="addnewDealsTest" data-provider="getCRMdata" finished-at="2023-03-30T07:25:17 EDT" duration-ms="151" status="FAIL">
          <params>
            <param index="0">
              <value>
                <![CDATA[Deal69]]>
              </value>
            </param>
            <param index="1">
              <value>
                <![CDATA[Larsen & Tubro]]>
              </value>
            </param>
            <param index="2">
              <value>
                <![CDATA[69.0]]>
              </value>
            </param>
            <param index="3">
              <value>
                <![CDATA[Old]]>
              </value>
            </param>
          </params>
          <exception class="org.openqa.selenium.ElementNotInteractableException">
            <message>
              <![CDATA[Element <a href="https://classic.freecrm.com/system/index.cfm?action=prospect&sub=load&edit=1"> could not be scrolled into view
Build info: version: '4.8.1', revision: '8ebccac989'
System info: os.name: 'Windows 10', os.arch: 'amd64', os.version: '10.0', java.version: '15.0.1'
Driver info: org.openqa.selenium.firefox.FirefoxDriver
Command: [f8f6cf86-2b7b-4d91-83b6-fa24d1140420, clickElement {id=5540a842-c025-4cb1-9c9a-112e5e39f702}]
Capabilities {acceptInsecureCerts: true, browserName: firefox, browserVersion: 111.0.1, moz:accessibilityChecks: false, moz:buildID: 20230321111920, moz:debuggerAddress: 127.0.0.1:2987, moz:geckodriverVersion: 0.32.2, moz:headless: false, moz:platformVersion: 10.0, moz:processID: 15780, moz:profile: C:\Users\ashah\AppData\Loca..., moz:shutdownTimeout: 60000, moz:useNonSpecCompliantPointerOrigin: false, moz:webdriverClick: true, moz:windowless: false, pageLoadStrategy: normal, platformName: WINDOWS, proxy: Proxy(), se:cdp: ws://127.0.0.1:2987/devtool..., se:cdpVersion: 85.0, setWindowRect: true, strictFileInteractability: false, timeouts: {implicit: 0, pageLoad: 300000, script: 30000}, unhandledPromptBehavior: dismiss and notify}
Element: [[FirefoxDriver: firefox on WINDOWS (f8f6cf86-2b7b-4d91-83b6-fa24d1140420)] -> xpath: //a[contains(text(),'New Deal')]]
Session ID: f8f6cf86-2b7b-4d91-83b6-fa24d1140420]]>
            </message>
            <full-stacktrace>
              <![CDATA[org.openqa.selenium.ElementNotInteractableException: Element <a href="https://classic.freecrm.com/system/index.cfm?action=prospect&sub=load&edit=1"> could not be scrolled into view
Build info: version: '4.8.1', revision: '8ebccac989'
System info: os.name: 'Windows 10', os.arch: 'amd64', os.version: '10.0', java.version: '15.0.1'
Driver info: org.openqa.selenium.firefox.FirefoxDriver
Command: [f8f6cf86-2b7b-4d91-83b6-fa24d1140420, clickElement {id=5540a842-c025-4cb1-9c9a-112e5e39f702}]
Capabilities {acceptInsecureCerts: true, browserName: firefox, browserVersion: 111.0.1, moz:accessibilityChecks: false, moz:buildID: 20230321111920, moz:debuggerAddress: 127.0.0.1:2987, moz:geckodriverVersion: 0.32.2, moz:headless: false, moz:platformVersion: 10.0, moz:processID: 15780, moz:profile: C:\Users\ashah\AppData\Loca..., moz:shutdownTimeout: 60000, moz:useNonSpecCompliantPointerOrigin: false, moz:webdriverClick: true, moz:windowless: false, pageLoadStrategy: normal, platformName: WINDOWS, proxy: Proxy(), se:cdp: ws://127.0.0.1:2987/devtool..., se:cdpVersion: 85.0, setWindowRect: true, strictFileInteractability: false, timeouts: {implicit: 0, pageLoad: 300000, script: 30000}, unhandledPromptBehavior: dismiss and notify}
Element: [[FirefoxDriver: firefox on WINDOWS (f8f6cf86-2b7b-4d91-83b6-fa24d1140420)] -> xpath: //a[contains(text(),'New Deal')]]
Session ID: f8f6cf86-2b7b-4d91-83b6-fa24d1140420
at java.base/jdk.internal.reflect.NativeConstructorAccessorImpl.newInstance0(Native Method)
at java.base/jdk.internal.reflect.NativeConstructorAccessorImpl.newInstance(NativeConstructorAccessorImpl.java:64)
at java.base/jdk.internal.reflect.DelegatingConstructorAccessorImpl.newInstance(DelegatingConstructorAccessorImpl.java:45)
at java.base/java.lang.reflect.Constructor.newInstanceWithCaller(Constructor.java:500)
at java.base/java.lang.reflect.Constructor.newInstance(Constructor.java:481)
at org.openqa.selenium.remote.codec.w3c.W3CHttpResponseCodec.createException(W3CHttpResponseCodec.java:200)
at org.openqa.selenium.remote.codec.w3c.W3CHttpResponseCodec.decode(W3CHttpResponseCodec.java:133)
at org.openqa.selenium.remote.codec.w3c.W3CHttpResponseCodec.decode(W3CHttpResponseCodec.java:53)
at org.openqa.selenium.remote.HttpCommandExecutor.execute(HttpCommandExecutor.java:184)
at org.openqa.selenium.remote.service.DriverCommandExecutor.invokeExecute(DriverCommandExecutor.java:167)
at org.openqa.selenium.remote.service.DriverCommandExecutor.execute(DriverCommandExecutor.java:142)
at org.openqa.selenium.remote.RemoteWebDriver.execute(RemoteWebDriver.java:543)
at org.openqa.selenium.remote.RemoteWebElement.execute(RemoteWebElement.java:257)
at org.openqa.selenium.remote.RemoteWebElement.click(RemoteWebElement.java:78)
at jdk.internal.reflect.GeneratedMethodAccessor6.invoke(Unknown Source)
at java.base/jdk.internal.reflect.DelegatingMethodAccessorImpl.invoke(DelegatingMethodAccessorImpl.java:43)
at java.base/java.lang.reflect.Method.invoke(Method.java:564)
at org.openqa.selenium.support.events.EventFiringWebDriver$EventFiringWebElement.lambda$new$0(EventFiringWebDriver.java:378)
at com.sun.proxy.$Proxy23.click(Unknown Source)
at org.openqa.selenium.support.events.EventFiringWebDriver$EventFiringWebElement.click(EventFiringWebDriver.java:391)
at jdk.internal.reflect.GeneratedMethodAccessor6.invoke(Unknown Source)
at java.base/jdk.internal.reflect.DelegatingMethodAccessorImpl.invoke(DelegatingMethodAccessorImpl.java:43)
at java.base/java.lang.reflect.Method.invoke(Method.java:564)
at org.openqa.selenium.support.pagefactory.internal.LocatingElementHandler.invoke(LocatingElementHandler.java:52)
at com.sun.proxy.$Proxy22.click(Unknown Source)
at com.crm.qa.pages.HomePage.clickonNewDealLink(HomePage.java:72)
at com.crm.qa.testcases.DealsPageTest.addnewDealsTest(DealsPageTest.java:56)
at java.base/jdk.internal.reflect.NativeMethodAccessorImpl.invoke0(Native Method)
at java.base/jdk.internal.reflect.NativeMethodAccessorImpl.invoke(NativeMethodAccessorImpl.java:64)
at java.base/jdk.internal.reflect.DelegatingMethodAccessorImpl.invoke(DelegatingMethodAccessorImpl.java:43)
at java.base/java.lang.reflect.Method.invoke(Method.java:564)
at org.testng.internal.MethodInvocationHelper.invokeMethod(MethodInvocationHelper.java:133)
at org.testng.internal.TestInvoker.invokeMethod(TestInvoker.java:598)
at org.testng.internal.TestInvoker.invokeTestMethod(TestInvoker.java:173)
at org.testng.internal.MethodRunner.runInSequence(MethodRunner.java:46)
at org.testng.internal.TestInvoker$MethodInvocationAgent.invoke(TestInvoker.java:824)
at org.testng.internal.TestInvoker.invokeTestMethods(TestInvoker.java:146)
at org.testng.internal.TestMethodWorker.invokeTestMethods(TestMethodWorker.java:146)
at org.testng.internal.TestMethodWorker.run(TestMethodWorker.java:128)
at java.base/java.util.ArrayList.forEach(ArrayList.java:1511)
at org.testng.TestRunner.privateRun(TestRunner.java:794)
at org.testng.TestRunner.run(TestRunner.java:596)
at org.testng.SuiteRunner.runTest(SuiteRunner.java:377)
at org.testng.SuiteRunner.runSequentially(SuiteRunner.java:371)
at org.testng.SuiteRunner.privateRun(SuiteRunner.java:332)
at org.testng.SuiteRunner.run(SuiteRunner.java:276)
at org.testng.SuiteRunnerWorker.runSuite(SuiteRunnerWorker.java:53)
at org.testng.SuiteRunnerWorker.run(SuiteRunnerWorker.java:96)
at org.testng.TestNG.runSuitesSequentially(TestNG.java:1212)
at org.testng.TestNG.runSuitesLocally(TestNG.java:1134)
at org.testng.TestNG.runSuites(TestNG.java:1063)
at org.testng.TestNG.run(TestNG.java:1031)
at org.testng.remote.AbstractRemoteTestNG.run(AbstractRemoteTestNG.java:115)
at org.testng.remote.RemoteTestNG.initAndRun(RemoteTestNG.java:251)
at org.testng.remote.RemoteTestNG.main(RemoteTestNG.java:77)
]]>
            </full-stacktrace>
          </exception> <!-- org.openqa.selenium.ElementNotInteractableException -->
          <reporter-output>
          </reporter-output>
        </test-method> <!-- addnewDealsTest -->
        <test-method is-config="true" signature="tearDown()[pri:0, instance:com.crm.qa.testcases.DealsPageTest@13e344d]" started-at="2023-03-30T07:25:17 EDT" name="tearDown" finished-at="2023-03-30T07:25:18 EDT" duration-ms="1124" status="PASS">
          <reporter-output>
          </reporter-output>
        </test-method> <!-- tearDown -->
        <test-method is-config="true" signature="setup()[pri:0, instance:com.crm.qa.testcases.DealsPageTest@13e344d]" started-at="2023-03-30T07:25:18 EDT" name="setup" finished-at="2023-03-30T07:25:35 EDT" duration-ms="16786" status="PASS">
          <reporter-output>
          </reporter-output>
        </test-method> <!-- setup -->
        <test-method signature="addnewDealsTest(java.lang.String,java.lang.String,java.lang.String,java.lang.String)[pri:2, instance:com.crm.qa.testcases.DealsPageTest@13e344d]" started-at="2023-03-30T07:25:35 EDT" name="addnewDealsTest" data-provider="getCRMdata" finished-at="2023-03-30T07:25:39 EDT" duration-ms="4296" status="PASS">
          <params>
            <param index="0">
              <value>
                <![CDATA[Deal96]]>
              </value>
            </param>
            <param index="1">
              <value>
                <![CDATA[Simon and Maddy]]>
              </value>
            </param>
            <param index="2">
              <value>
                <![CDATA[96.0]]>
              </value>
            </param>
            <param index="3">
              <value>
                <![CDATA[Opportunity]]>
              </value>
            </param>
          </params>
          <reporter-output>
          </reporter-output>
        </test-method> <!-- addnewDealsTest -->
        <test-method is-config="true" signature="tearDown()[pri:0, instance:com.crm.qa.testcases.DealsPageTest@13e344d]" started-at="2023-03-30T07:25:39 EDT" name="tearDown" finished-at="2023-03-30T07:25:40 EDT" duration-ms="1121" status="PASS">
          <reporter-output>
          </reporter-output>
        </test-method> <!-- tearDown -->
        <test-method is-config="true" signature="setup()[pri:0, instance:com.crm.qa.testcases.DealsPageTest@13e344d]" started-at="2023-03-30T07:25:40 EDT" name="setup" finished-at="2023-03-30T07:25:57 EDT" duration-ms="16462" status="PASS">
          <reporter-output>
          </reporter-output>
        </test-method> <!-- setup -->
        <test-method signature="addnewDealsTest(java.lang.String,java.lang.String,java.lang.String,java.lang.String)[pri:2, instance:com.crm.qa.testcases.DealsPageTest@13e344d]" started-at="2023-03-30T07:25:57 EDT" name="addnewDealsTest" data-provider="getCRMdata" finished-at="2023-03-30T07:26:01 EDT" duration-ms="4335" status="PASS">
          <params>
            <param index="0">
              <value>
                <![CDATA[LT350]]>
              </value>
            </param>
            <param index="1">
              <value>
                <![CDATA[Ki&ka]]>
              </value>
            </param>
            <param index="2">
              <value>
                <![CDATA[35.0]]>
              </value>
            </param>
            <param index="3">
              <value>
                <![CDATA[Priority]]>
              </value>
            </param>
          </params>
          <reporter-output>
          </reporter-output>
        </test-method> <!-- addnewDealsTest -->
        <test-method is-config="true" signature="tearDown()[pri:0, instance:com.crm.qa.testcases.DealsPageTest@13e344d]" started-at="2023-03-30T07:26:01 EDT" name="tearDown" finished-at="2023-03-30T07:26:02 EDT" duration-ms="1074" status="PASS">
          <reporter-output>
          </reporter-output>
        </test-method> <!-- tearDown -->
      </class> <!-- com.crm.qa.testcases.DealsPageTest -->
      <class name="com.crm.qa.testcases.TaskPageTest">
        <test-method is-config="true" signature="setup()[pri:0, instance:com.crm.qa.testcases.TaskPageTest@1ffaf86]" started-at="2023-03-30T07:26:02 EDT" name="setup" finished-at="2023-03-30T07:26:19 EDT" duration-ms="16714" status="PASS">
          <reporter-output>
          </reporter-output>
        </test-method> <!-- setup -->
        <test-method signature="verifyTaskPageTest()[pri:1, instance:com.crm.qa.testcases.TaskPageTest@1ffaf86]" started-at="2023-03-30T07:26:19 EDT" name="verifyTaskPageTest" finished-at="2023-03-30T07:26:19 EDT" duration-ms="25" status="PASS">
          <reporter-output>
          </reporter-output>
        </test-method> <!-- verifyTaskPageTest -->
        <test-method is-config="true" signature="tearDown()[pri:0, instance:com.crm.qa.testcases.TaskPageTest@1ffaf86]" started-at="2023-03-30T07:26:19 EDT" name="tearDown" finished-at="2023-03-30T07:26:20 EDT" duration-ms="926" status="PASS">
          <reporter-output>
          </reporter-output>
        </test-method> <!-- tearDown -->
        <test-method is-config="true" signature="setup()[pri:0, instance:com.crm.qa.testcases.TaskPageTest@1ffaf86]" started-at="2023-03-30T07:26:20 EDT" name="setup" finished-at="2023-03-30T07:26:36 EDT" duration-ms="16104" status="PASS">
          <reporter-output>
          </reporter-output>
        </test-method> <!-- setup -->
        <test-method signature="addNewTaskTest(java.lang.String,java.lang.String,java.lang.String,java.lang.String)[pri:2, instance:com.crm.qa.testcases.TaskPageTest@1ffaf86]" started-at="2023-03-30T07:26:36 EDT" name="addNewTaskTest" data-provider="getCRMTest" finished-at="2023-03-30T07:26:40 EDT" duration-ms="3968" status="PASS">
          <params>
            <param index="0">
              <value>
                <![CDATA[Execution]]>
              </value>
            </param>
            <param index="1">
              <value>
                <![CDATA[Open]]>
              </value>
            </param>
            <param index="2">
              <value>
                <![CDATA[35.0]]>
              </value>
            </param>
            <param index="3">
              <value>
                <![CDATA[35 % off]]>
              </value>
            </param>
          </params>
          <reporter-output>
          </reporter-output>
        </test-method> <!-- addNewTaskTest -->
        <test-method is-config="true" signature="tearDown()[pri:0, instance:com.crm.qa.testcases.TaskPageTest@1ffaf86]" started-at="2023-03-30T07:26:40 EDT" name="tearDown" finished-at="2023-03-30T07:26:41 EDT" duration-ms="949" status="PASS">
          <reporter-output>
          </reporter-output>
        </test-method> <!-- tearDown -->
        <test-method is-config="true" signature="setup()[pri:0, instance:com.crm.qa.testcases.TaskPageTest@1ffaf86]" started-at="2023-03-30T07:26:41 EDT" name="setup" finished-at="2023-03-30T07:26:57 EDT" duration-ms="16235" status="PASS">
          <reporter-output>
          </reporter-output>
        </test-method> <!-- setup -->
        <test-method signature="addNewTaskTest(java.lang.String,java.lang.String,java.lang.String,java.lang.String)[pri:2, instance:com.crm.qa.testcases.TaskPageTest@1ffaf86]" started-at="2023-03-30T07:26:57 EDT" name="addNewTaskTest" data-provider="getCRMTest" finished-at="2023-03-30T07:27:01 EDT" duration-ms="3887" status="PASS">
          <params>
            <param index="0">
              <value>
                <![CDATA[Management]]>
              </value>
            </param>
            <param index="1">
              <value>
                <![CDATA[Complete]]>
              </value>
            </param>
            <param index="2">
              <value>
                <![CDATA[100.0]]>
              </value>
            </param>
            <param index="3">
              <value>
                <![CDATA[22% Fair]]>
              </value>
            </param>
          </params>
          <reporter-output>
          </reporter-output>
        </test-method> <!-- addNewTaskTest -->
        <test-method is-config="true" signature="tearDown()[pri:0, instance:com.crm.qa.testcases.TaskPageTest@1ffaf86]" started-at="2023-03-30T07:27:01 EDT" name="tearDown" finished-at="2023-03-30T07:27:02 EDT" duration-ms="1056" status="PASS">
          <reporter-output>
          </reporter-output>
        </test-method> <!-- tearDown -->
        <test-method is-config="true" signature="setup()[pri:0, instance:com.crm.qa.testcases.TaskPageTest@1ffaf86]" started-at="2023-03-30T07:27:02 EDT" name="setup" finished-at="2023-03-30T07:27:19 EDT" duration-ms="16625" status="PASS">
          <reporter-output>
          </reporter-output>
        </test-method> <!-- setup -->
        <test-method signature="addNewTaskTest(java.lang.String,java.lang.String,java.lang.String,java.lang.String)[pri:2, instance:com.crm.qa.testcases.TaskPageTest@1ffaf86]" started-at="2023-03-30T07:27:19 EDT" name="addNewTaskTest" data-provider="getCRMTest" finished-at="2023-03-30T07:27:22 EDT" duration-ms="3625" status="PASS">
          <params>
            <param index="0">
              <value>
                <![CDATA[Engineering]]>
              </value>
            </param>
            <param index="1">
              <value>
                <![CDATA[Open]]>
              </value>
            </param>
            <param index="2">
              <value>
                <![CDATA[75.0]]>
              </value>
            </param>
            <param index="3">
              <value>
                <![CDATA[18% Mine]]>
              </value>
            </param>
          </params>
          <reporter-output>
          </reporter-output>
        </test-method> <!-- addNewTaskTest -->
        <test-method is-config="true" signature="tearDown()[pri:0, instance:com.crm.qa.testcases.TaskPageTest@1ffaf86]" started-at="2023-03-30T07:27:22 EDT" name="tearDown" finished-at="2023-03-30T07:27:23 EDT" duration-ms="996" status="PASS">
          <reporter-output>
          </reporter-output>
        </test-method> <!-- tearDown -->
        <test-method is-config="true" signature="setup()[pri:0, instance:com.crm.qa.testcases.TaskPageTest@1ffaf86]" started-at="2023-03-30T07:27:23 EDT" name="setup" finished-at="2023-03-30T07:27:39 EDT" duration-ms="16125" status="PASS">
          <reporter-output>
          </reporter-output>
        </test-method> <!-- setup -->
        <test-method signature="addNewTaskTest(java.lang.String,java.lang.String,java.lang.String,java.lang.String)[pri:2, instance:com.crm.qa.testcases.TaskPageTest@1ffaf86]" started-at="2023-03-30T07:27:39 EDT" name="addNewTaskTest" data-provider="getCRMTest" finished-at="2023-03-30T07:27:43 EDT" duration-ms="3751" status="PASS">
          <params>
            <param index="0">
              <value>
                <![CDATA[Regression]]>
              </value>
            </param>
            <param index="1">
              <value>
                <![CDATA[Open]]>
              </value>
            </param>
            <param index="2">
              <value>
                <![CDATA[80.0]]>
              </value>
            </param>
            <param index="3">
              <value>
                <![CDATA[12% Rare]]>
              </value>
            </param>
          </params>
          <reporter-output>
          </reporter-output>
        </test-method> <!-- addNewTaskTest -->
        <test-method is-config="true" signature="tearDown()[pri:0, instance:com.crm.qa.testcases.TaskPageTest@1ffaf86]" started-at="2023-03-30T07:27:43 EDT" name="tearDown" finished-at="2023-03-30T07:27:44 EDT" duration-ms="1107" status="PASS">
          <reporter-output>
          </reporter-output>
        </test-method> <!-- tearDown -->
      </class> <!-- com.crm.qa.testcases.TaskPageTest -->
    </test> <!-- FreeCRMtestcases -->
  </suite> <!-- FreeCRMtestcases -->
</testng-results>
