<?xml version="1.0" encoding="UTF-8"?>
<!-- Generated by org.testng.reporters.JUnitXMLReporter -->
<testsuite ignored="0" hostname="Aditya" failures="2" tests="23" name="FreeCRMtestcases" time="420.193" errors="0" timestamp="2023-03-30T07:27:44 EDT">
  <testcase classname="com.crm.qa.testcases.LoginPageTest" name="loginPageTitleTest" time="0.009"/>
  <testcase classname="com.crm.qa.testcases.LoginPageTest" name="crmlogoImageTest" time="0.036"/>
  <testcase classname="com.crm.qa.testcases.LoginPageTest" name="Login" time="9.223"/>
  <testcase classname="com.crm.qa.testcases.HomePageTest" name="verifyingHomePageTitleTest" time="0.009"/>
  <testcase classname="com.crm.qa.testcases.HomePageTest" name="verifyingHomePageUsername" time="0.082"/>
  <testcase classname="com.crm.qa.testcases.HomePageTest" name="verifyContactsLinkTest" time="1.496"/>
  <testcase classname="com.crm.qa.testcases.ContactPageTest" name="verifyingContactPageTest" time="0.03"/>
  <testcase classname="com.crm.qa.testcases.ContactPageTest" name="selectcontactsByName" time="0.234"/>
  <testcase classname="com.crm.qa.testcases.ContactPageTest" name="selectMultiplecontactsByName" time="0.478"/>
  <testcase classname="com.crm.qa.testcases.ContactPageTest" name="validateCreateNewContact" time="4.321"/>
  <testcase classname="com.crm.qa.testcases.ContactPageTest" name="validateCreateNewContact" time="3.879"/>
  <testcase classname="com.crm.qa.testcases.ContactPageTest" name="validateCreateNewContact" time="4.026"/>
  <testcase classname="com.crm.qa.testcases.ContactPageTest" name="validateCreateNewContact" time="3.85"/>
  <testcase classname="com.crm.qa.testcases.DealsPageTest" name="verifyDealsTestPage" time="0.027"/>
  <testcase classname="com.crm.qa.testcases.DealsPageTest" name="addnewDealsTest" time="0.158">
    <failure type="org.openqa.selenium.ElementNotInteractableException" message="Element &amp;lt;a href=&amp;quot;https://classic.freecrm.com/system/index.cfm?action=prospect&amp;amp;sub=load&amp;amp;edit=1&amp;quot;&amp;gt; could not be scrolled into view
Build info: version: &amp;apos;4.8.1&amp;apos;, revision: &amp;apos;8ebccac989&amp;apos;
System info: os.name: &amp;apos;Windows 10&amp;apos;, os.arch: &amp;apos;amd64&amp;apos;, os.version: &amp;apos;10.0&amp;apos;, java.version: &amp;apos;15.0.1&amp;apos;
Driver info: org.openqa.selenium.firefox.FirefoxDriver
Command: [40af1cec-5b11-40f1-b2eb-cd0e6cad86ee, clickElement {id=dd0cef21-d158-497c-9c7e-bbfd7a2665eb}]
Capabilities {acceptInsecureCerts: true, browserName: firefox, browserVersion: 111.0.1, moz:accessibilityChecks: false, moz:buildID: 20230321111920, moz:debuggerAddress: 127.0.0.1:25789, moz:geckodriverVersion: 0.32.2, moz:headless: false, moz:platformVersion: 10.0, moz:processID: 20456, moz:profile: C:\Users\ashah\AppData\Loca..., moz:shutdownTimeout: 60000, moz:useNonSpecCompliantPointerOrigin: false, moz:webdriverClick: true, moz:windowless: false, pageLoadStrategy: normal, platformName: WINDOWS, proxy: Proxy(), se:cdp: ws://127.0.0.1:25789/devtoo..., se:cdpVersion: 85.0, setWindowRect: true, strictFileInteractability: false, timeouts: {implicit: 0, pageLoad: 300000, script: 30000}, unhandledPromptBehavior: dismiss and notify}
Element: [[FirefoxDriver: firefox on WINDOWS (40af1cec-5b11-40f1-b2eb-cd0e6cad86ee)] -&amp;gt; xpath: //a[contains(text(),&amp;apos;New Deal&amp;apos;)]]
Session ID: 40af1cec-5b11-40f1-b2eb-cd0e6cad86ee">
      <![CDATA[org.openqa.selenium.ElementNotInteractableException: Element <a href="https://classic.freecrm.com/system/index.cfm?action=prospect&sub=load&edit=1"> could not be scrolled into view
Build info: version: '4.8.1', revision: '8ebccac989'
System info: os.name: 'Windows 10', os.arch: 'amd64', os.version: '10.0', java.version: '15.0.1'
Driver info: org.openqa.selenium.firefox.FirefoxDriver
Command: [40af1cec-5b11-40f1-b2eb-cd0e6cad86ee, clickElement {id=dd0cef21-d158-497c-9c7e-bbfd7a2665eb}]
Capabilities {acceptInsecureCerts: true, browserName: firefox, browserVersion: 111.0.1, moz:accessibilityChecks: false, moz:buildID: 20230321111920, moz:debuggerAddress: 127.0.0.1:25789, moz:geckodriverVersion: 0.32.2, moz:headless: false, moz:platformVersion: 10.0, moz:processID: 20456, moz:profile: C:\Users\ashah\AppData\Loca..., moz:shutdownTimeout: 60000, moz:useNonSpecCompliantPointerOrigin: false, moz:webdriverClick: true, moz:windowless: false, pageLoadStrategy: normal, platformName: WINDOWS, proxy: Proxy(), se:cdp: ws://127.0.0.1:25789/devtoo..., se:cdpVersion: 85.0, setWindowRect: true, strictFileInteractability: false, timeouts: {implicit: 0, pageLoad: 300000, script: 30000}, unhandledPromptBehavior: dismiss and notify}
Element: [[FirefoxDriver: firefox on WINDOWS (40af1cec-5b11-40f1-b2eb-cd0e6cad86ee)] -> xpath: //a[contains(text(),'New Deal')]]
Session ID: 40af1cec-5b11-40f1-b2eb-cd0e6cad86ee
at org.openqa.selenium.remote.codec.w3c.W3CHttpResponseCodec.createException(W3CHttpResponseCodec.java:200)
at org.openqa.selenium.remote.codec.w3c.W3CHttpResponseCodec.decode(W3CHttpResponseCodec.java:133)
at org.openqa.selenium.remote.codec.w3c.W3CHttpResponseCodec.decode(W3CHttpResponseCodec.java:53)
at org.openqa.selenium.remote.HttpCommandExecutor.execute(HttpCommandExecutor.java:184)
at org.openqa.selenium.remote.service.DriverCommandExecutor.invokeExecute(DriverCommandExecutor.java:167)
at org.openqa.selenium.remote.service.DriverCommandExecutor.execute(DriverCommandExecutor.java:142)
at org.openqa.selenium.remote.RemoteWebDriver.execute(RemoteWebDriver.java:543)
at org.openqa.selenium.remote.RemoteWebElement.execute(RemoteWebElement.java:257)
at org.openqa.selenium.remote.RemoteWebElement.click(RemoteWebElement.java:78)
at org.openqa.selenium.support.events.EventFiringWebDriver$EventFiringWebElement.lambda$new$0(EventFiringWebDriver.java:378)
at com.sun.proxy.$Proxy23.click(Unknown Source)
at org.openqa.selenium.support.events.EventFiringWebDriver$EventFiringWebElement.click(EventFiringWebDriver.java:391)
at org.openqa.selenium.support.pagefactory.internal.LocatingElementHandler.invoke(LocatingElementHandler.java:52)
at com.sun.proxy.$Proxy22.click(Unknown Source)
at com.crm.qa.pages.HomePage.clickonNewDealLink(HomePage.java:72)
at com.crm.qa.testcases.DealsPageTest.addnewDealsTest(DealsPageTest.java:56)
at java.base/java.util.ArrayList.forEach(ArrayList.java:1511)
... Removed 38 stack frames]]>
    </failure>
  </testcase> <!-- addnewDealsTest -->
  <testcase classname="com.crm.qa.testcases.DealsPageTest" name="addnewDealsTest" time="0.151">
    <failure type="org.openqa.selenium.ElementNotInteractableException" message="Element &amp;lt;a href=&amp;quot;https://classic.freecrm.com/system/index.cfm?action=prospect&amp;amp;sub=load&amp;amp;edit=1&amp;quot;&amp;gt; could not be scrolled into view
Build info: version: &amp;apos;4.8.1&amp;apos;, revision: &amp;apos;8ebccac989&amp;apos;
System info: os.name: &amp;apos;Windows 10&amp;apos;, os.arch: &amp;apos;amd64&amp;apos;, os.version: &amp;apos;10.0&amp;apos;, java.version: &amp;apos;15.0.1&amp;apos;
Driver info: org.openqa.selenium.firefox.FirefoxDriver
Command: [f8f6cf86-2b7b-4d91-83b6-fa24d1140420, clickElement {id=5540a842-c025-4cb1-9c9a-112e5e39f702}]
Capabilities {acceptInsecureCerts: true, browserName: firefox, browserVersion: 111.0.1, moz:accessibilityChecks: false, moz:buildID: 20230321111920, moz:debuggerAddress: 127.0.0.1:2987, moz:geckodriverVersion: 0.32.2, moz:headless: false, moz:platformVersion: 10.0, moz:processID: 15780, moz:profile: C:\Users\ashah\AppData\Loca..., moz:shutdownTimeout: 60000, moz:useNonSpecCompliantPointerOrigin: false, moz:webdriverClick: true, moz:windowless: false, pageLoadStrategy: normal, platformName: WINDOWS, proxy: Proxy(), se:cdp: ws://127.0.0.1:2987/devtool..., se:cdpVersion: 85.0, setWindowRect: true, strictFileInteractability: false, timeouts: {implicit: 0, pageLoad: 300000, script: 30000}, unhandledPromptBehavior: dismiss and notify}
Element: [[FirefoxDriver: firefox on WINDOWS (f8f6cf86-2b7b-4d91-83b6-fa24d1140420)] -&amp;gt; xpath: //a[contains(text(),&amp;apos;New Deal&amp;apos;)]]
Session ID: f8f6cf86-2b7b-4d91-83b6-fa24d1140420">
      <![CDATA[org.openqa.selenium.ElementNotInteractableException: Element <a href="https://classic.freecrm.com/system/index.cfm?action=prospect&sub=load&edit=1"> could not be scrolled into view
Build info: version: '4.8.1', revision: '8ebccac989'
System info: os.name: 'Windows 10', os.arch: 'amd64', os.version: '10.0', java.version: '15.0.1'
Driver info: org.openqa.selenium.firefox.FirefoxDriver
Command: [f8f6cf86-2b7b-4d91-83b6-fa24d1140420, clickElement {id=5540a842-c025-4cb1-9c9a-112e5e39f702}]
Capabilities {acceptInsecureCerts: true, browserName: firefox, browserVersion: 111.0.1, moz:accessibilityChecks: false, moz:buildID: 20230321111920, moz:debuggerAddress: 127.0.0.1:2987, moz:geckodriverVersion: 0.32.2, moz:headless: false, moz:platformVersion: 10.0, moz:processID: 15780, moz:profile: C:\Users\ashah\AppData\Loca..., moz:shutdownTimeout: 60000, moz:useNonSpecCompliantPointerOrigin: false, moz:webdriverClick: true, moz:windowless: false, pageLoadStrategy: normal, platformName: WINDOWS, proxy: Proxy(), se:cdp: ws://127.0.0.1:2987/devtool..., se:cdpVersion: 85.0, setWindowRect: true, strictFileInteractability: false, timeouts: {implicit: 0, pageLoad: 300000, script: 30000}, unhandledPromptBehavior: dismiss and notify}
Element: [[FirefoxDriver: firefox on WINDOWS (f8f6cf86-2b7b-4d91-83b6-fa24d1140420)] -> xpath: //a[contains(text(),'New Deal')]]
Session ID: f8f6cf86-2b7b-4d91-83b6-fa24d1140420
at org.openqa.selenium.remote.codec.w3c.W3CHttpResponseCodec.createException(W3CHttpResponseCodec.java:200)
at org.openqa.selenium.remote.codec.w3c.W3CHttpResponseCodec.decode(W3CHttpResponseCodec.java:133)
at org.openqa.selenium.remote.codec.w3c.W3CHttpResponseCodec.decode(W3CHttpResponseCodec.java:53)
at org.openqa.selenium.remote.HttpCommandExecutor.execute(HttpCommandExecutor.java:184)
at org.openqa.selenium.remote.service.DriverCommandExecutor.invokeExecute(DriverCommandExecutor.java:167)
at org.openqa.selenium.remote.service.DriverCommandExecutor.execute(DriverCommandExecutor.java:142)
at org.openqa.selenium.remote.RemoteWebDriver.execute(RemoteWebDriver.java:543)
at org.openqa.selenium.remote.RemoteWebElement.execute(RemoteWebElement.java:257)
at org.openqa.selenium.remote.RemoteWebElement.click(RemoteWebElement.java:78)
at org.openqa.selenium.support.events.EventFiringWebDriver$EventFiringWebElement.lambda$new$0(EventFiringWebDriver.java:378)
at com.sun.proxy.$Proxy23.click(Unknown Source)
at org.openqa.selenium.support.events.EventFiringWebDriver$EventFiringWebElement.click(EventFiringWebDriver.java:391)
at org.openqa.selenium.support.pagefactory.internal.LocatingElementHandler.invoke(LocatingElementHandler.java:52)
at com.sun.proxy.$Proxy22.click(Unknown Source)
at com.crm.qa.pages.HomePage.clickonNewDealLink(HomePage.java:72)
at com.crm.qa.testcases.DealsPageTest.addnewDealsTest(DealsPageTest.java:56)
at java.base/java.util.ArrayList.forEach(ArrayList.java:1511)
... Removed 38 stack frames]]>
    </failure>
  </testcase> <!-- addnewDealsTest -->
  <testcase classname="com.crm.qa.testcases.DealsPageTest" name="addnewDealsTest" time="4.296"/>
  <testcase classname="com.crm.qa.testcases.DealsPageTest" name="addnewDealsTest" time="4.335"/>
  <testcase classname="com.crm.qa.testcases.TaskPageTest" name="verifyTaskPageTest" time="0.025"/>
  <testcase classname="com.crm.qa.testcases.TaskPageTest" name="addNewTaskTest" time="3.968"/>
  <testcase classname="com.crm.qa.testcases.TaskPageTest" name="addNewTaskTest" time="3.887"/>
  <testcase classname="com.crm.qa.testcases.TaskPageTest" name="addNewTaskTest" time="3.625"/>
  <testcase classname="com.crm.qa.testcases.TaskPageTest" name="addNewTaskTest" time="3.751"/>
</testsuite> <!-- FreeCRMtestcases -->
